<?xml version="1.0" encoding="UTF-8"?>
<!-- Generated by org.testng.reporters.JUnitReportReporter -->
<testsuite hostname="yinxiao" name="com.xiao.simplebrowsertest.testcases.RegisterActivityTest" tests="5" failures="0" timestamp="8 May 2017 06:20:07 GMT" time="129.395" errors="0">
  <testcase name="registerWithData" time="25.942" classname="com.xiao.simplebrowsertest.testcases.RegisterActivityTest"/>
  <testcase name="registerWithData" time="26.235" classname="com.xiao.simplebrowsertest.testcases.RegisterActivityTest"/>
  <testcase name="registerWithData" time="25.971" classname="com.xiao.simplebrowsertest.testcases.RegisterActivityTest"/>
  <testcase name="registerWithData" time="25.464" classname="com.xiao.simplebrowsertest.testcases.RegisterActivityTest"/>
  <testcase name="registerWithData" time="25.783" classname="com.xiao.simplebrowsertest.testcases.RegisterActivityTest"/>
</testsuite> <!-- com.xiao.simplebrowsertest.testcases.RegisterActivityTest -->
