<?xml version="1.0" encoding="UTF-8"?>
<!-- Generated by org.testng.reporters.JUnitReportReporter -->
<testsuite hostname="yinxiao" name="com.xiao.simplebrowsertest.testcases.SearchActivityTest" tests="3" failures="0" timestamp="13 May 2017 07:31:17 GMT" time="120.231" errors="0">
  <testcase name="searchKeyWord" time="39.636" classname="com.xiao.simplebrowsertest.testcases.SearchActivityTest"/>
  <testcase name="searchKeyWord" time="38.188" classname="com.xiao.simplebrowsertest.testcases.SearchActivityTest"/>
  <testcase name="searchKeyWord" time="42.407" classname="com.xiao.simplebrowsertest.testcases.SearchActivityTest"/>
</testsuite> <!-- com.xiao.simplebrowsertest.testcases.SearchActivityTest -->
