<?xml version="1.0" encoding="UTF-8"?>
<!-- Generated by org.testng.reporters.JUnitReportReporter -->
<testsuite hostname="yinxiao" name="com.xiao.simplebrowsertest.testcases.RegisterActivityTest" tests="9" failures="0" timestamp="13 May 2017 07:31:17 GMT" time="285.217" errors="0">
  <testcase name="registerWithData" time="30.018" classname="com.xiao.simplebrowsertest.testcases.RegisterActivityTest"/>
  <testcase name="registerWithData" time="30.966" classname="com.xiao.simplebrowsertest.testcases.RegisterActivityTest"/>
  <testcase name="registerWithData" time="30.339" classname="com.xiao.simplebrowsertest.testcases.RegisterActivityTest"/>
  <testcase name="registerWithData" time="30.455" classname="com.xiao.simplebrowsertest.testcases.RegisterActivityTest"/>
  <testcase name="registerWithData" time="33.537" classname="com.xiao.simplebrowsertest.testcases.RegisterActivityTest"/>
  <testcase name="registerWithData" time="34.049" classname="com.xiao.simplebrowsertest.testcases.RegisterActivityTest"/>
  <testcase name="registerWithData" time="29.661" classname="com.xiao.simplebrowsertest.testcases.RegisterActivityTest"/>
  <testcase name="registerWithData" time="34.216" classname="com.xiao.simplebrowsertest.testcases.RegisterActivityTest"/>
  <testcase name="registerWithData" time="31.976" classname="com.xiao.simplebrowsertest.testcases.RegisterActivityTest"/>
</testsuite> <!-- com.xiao.simplebrowsertest.testcases.RegisterActivityTest -->
