<?xml version="1.0" encoding="UTF-8"?>
<!-- Generated by org.testng.reporters.JUnitReportReporter -->
<testsuite hostname="yinxiao" name="com.xiao.simplebrowsertest.testcases.RegisterActivityTest" tests="9" failures="0" timestamp="13 May 2017 08:00:18 GMT" time="292.564" errors="0">
  <testcase name="registerWithData" time="34.060" classname="com.xiao.simplebrowsertest.testcases.RegisterActivityTest"/>
  <testcase name="registerWithData" time="37.494" classname="com.xiao.simplebrowsertest.testcases.RegisterActivityTest"/>
  <testcase name="registerWithData" time="30.078" classname="com.xiao.simplebrowsertest.testcases.RegisterActivityTest"/>
  <testcase name="registerWithData" time="30.331" classname="com.xiao.simplebrowsertest.testcases.RegisterActivityTest"/>
  <testcase name="registerWithData" time="30.869" classname="com.xiao.simplebrowsertest.testcases.RegisterActivityTest"/>
  <testcase name="registerWithData" time="31.763" classname="com.xiao.simplebrowsertest.testcases.RegisterActivityTest"/>
  <testcase name="registerWithData" time="31.105" classname="com.xiao.simplebrowsertest.testcases.RegisterActivityTest"/>
  <testcase name="registerWithData" time="35.050" classname="com.xiao.simplebrowsertest.testcases.RegisterActivityTest"/>
  <testcase name="registerWithData" time="31.814" classname="com.xiao.simplebrowsertest.testcases.RegisterActivityTest"/>
</testsuite> <!-- com.xiao.simplebrowsertest.testcases.RegisterActivityTest -->
