<?xml version="1.0" encoding="UTF-8"?>
<!-- Generated by org.testng.reporters.JUnitReportReporter -->
<testsuite hostname="yinxiao" name="com.xiao.simplebrowsertest.testcases.SearchActivityTest" tests="3" failures="0" timestamp="13 May 2017 08:00:18 GMT" time="125.412" errors="0">
  <testcase name="searchKeyWord" time="39.939" classname="com.xiao.simplebrowsertest.testcases.SearchActivityTest"/>
  <testcase name="searchKeyWord" time="44.391" classname="com.xiao.simplebrowsertest.testcases.SearchActivityTest"/>
  <testcase name="searchKeyWord" time="41.082" classname="com.xiao.simplebrowsertest.testcases.SearchActivityTest"/>
</testsuite> <!-- com.xiao.simplebrowsertest.testcases.SearchActivityTest -->
